<?xml version="1.0" encoding="UTF-8"?>
<!-- Generated by org.testng.reporters.JUnitReportReporter -->
<testsuite hostname="DESKTOP-TN48VBD" failures="0" tests="1" name="AppuimFirstTry" time="18.317" errors="0" timestamp="2023-05-04T17:34:34 EET" skipped="0">
  <testcase classname="AppuimFirstTry" name="Open_the_application" time="18.317"/>
  <system-out/>
</testsuite> <!-- AppuimFirstTry -->
